<?xml version="1.0" encoding="UTF-8"?>
<!-- Generated by org.testng.reporters.JUnitXMLReporter -->
<testsuite ignored="0" hostname="Surens-MBP.cust.communityfibre.co.uk" failures="0" tests="7" name="Test_01" time="63.902" errors="0" timestamp="2024-03-20T11:28:51 GMT">
  <testcase classname="CrossBrowserExercution.LaunchApp_05" name="launch_app" time="53.919"/>
  <testcase classname="CrossBrowserExercution.LaunchApp_03" name="launch_app" time="56.888"/>
  <testcase classname="CrossBrowserExercution.LaunchApp_04" name="launch_app" time="59.418"/>
  <testcase classname="CrossBrowserExercution.LaunchApp_01" name="launch_app" time="60.317"/>
  <testcase classname="CrossBrowserExercution.LaunchApp_02" name="launch_app" time="60.573"/>
  <testcase classname="CrossBrowserExercution.LaunchApp_06" name="launch_app" time="60.577"/>
  <testcase classname="CrossBrowserExercution.LaunchApp_07" name="launch_app" time="63.833"/>
</testsuite> <!-- Test_01 -->
