<?xml version="1.0" encoding="UTF-8"?>
<!-- Generated by org.testng.reporters.JUnitXMLReporter -->
<testsuite ignored="0" hostname="Surens-MBP.cust.communityfibre.co.uk" failures="0" tests="7" name="Test_02" time="62.775" errors="0" timestamp="2024-03-20T11:29:54 GMT">
  <testcase classname="CrossBrowserExercution.LaunchApp_05" name="launch_app" time="50.966"/>
  <testcase classname="CrossBrowserExercution.LaunchApp_04" name="launch_app" time="54.471"/>
  <testcase classname="CrossBrowserExercution.LaunchApp_03" name="launch_app" time="55.016"/>
  <testcase classname="CrossBrowserExercution.LaunchApp_02" name="launch_app" time="55.205"/>
  <testcase classname="CrossBrowserExercution.LaunchApp_01" name="launch_app" time="57.457"/>
  <testcase classname="CrossBrowserExercution.LaunchApp_06" name="launch_app" time="57.468"/>
  <testcase classname="CrossBrowserExercution.LaunchApp_07" name="launch_app" time="62.758"/>
</testsuite> <!-- Test_02 -->
